Flow report for NIOS_5
Tue Jan 10 20:26:57 2023
Quartus Prime Version 18.0.0 Build 614 04/24/2018 SJ Lite Edition


---------------------
; Table of Contents ;
---------------------
  1. Legal Notice
  2. Flow Summary
  3. Flow Settings
  4. Flow Non-Default Global Settings
  5. Flow Elapsed Time
  6. Flow OS Summary
  7. Flow Log
  8. Flow Messages
  9. Flow Suppressed Messages



----------------
; Legal Notice ;
----------------
Copyright (C) 2018  Intel Corporation. All rights reserved.
Your use of Intel Corporation's design tools, logic functions 
and other software and tools, and its AMPP partner logic 
functions, and any output files from any of the foregoing 
(including device programming or simulation files), and any 
associated documentation or information are expressly subject 
to the terms and conditions of the Intel Program License 
Subscription Agreement, the Intel Quartus Prime License Agreement,
the Intel FPGA IP License Agreement, or other applicable license
agreement, including, without limitation, that your use is for
the sole purpose of programming logic devices manufactured by
Intel and sold by Intel or its authorized distributors.  Please
refer to the applicable agreement for further details.



+----------------------------------------------------------------------------------+
; Flow Summary                                                                     ;
+------------------------------------+---------------------------------------------+
; Flow Status                        ; Successful - Tue Jan 10 20:26:57 2023       ;
; Quartus Prime Version              ; 18.0.0 Build 614 04/24/2018 SJ Lite Edition ;
; Revision Name                      ; NIOS_5                                      ;
; Top-level Entity Name              ; DE10_LITE_Golden_Top                        ;
; Family                             ; MAX 10                                      ;
; Device                             ; 10M50DAF484C6GES                            ;
; Timing Models                      ; Preliminary                                 ;
; Total logic elements               ; 10,232                                      ;
;     Total combinational functions  ; 7,711                                       ;
;     Dedicated logic registers      ; 6,420                                       ;
; Total registers                    ; 6420                                        ;
; Total pins                         ; 185                                         ;
; Total virtual pins                 ; 0                                           ;
; Total memory bits                  ; 449,496                                     ;
; Embedded Multiplier 9-bit elements ; 6                                           ;
; Total PLLs                         ; 1                                           ;
; UFM blocks                         ; 1                                           ;
; ADC blocks                         ; 1                                           ;
+------------------------------------+---------------------------------------------+


+-----------------------------------------+
; Flow Settings                           ;
+-------------------+---------------------+
; Option            ; Setting             ;
+-------------------+---------------------+
; Start date & time ; 01/10/2023 20:25:04 ;
; Main task         ; Compilation         ;
; Revision Name     ; NIOS_5              ;
+-------------------+---------------------+


+--------------------------------------------------------------------------------------------------------------------------------------------------+
; Flow Non-Default Global Settings                                                                                                                 ;
+-------------------------------------+--------------------------------------------------------+---------------+----------------------+------------+
; Assignment Name                     ; Value                                                  ; Default Value ; Entity Name          ; Section Id ;
+-------------------------------------+--------------------------------------------------------+---------------+----------------------+------------+
; COMPILER_SIGNATURE_ID               ; 194042949445197.167334990319596                        ; --            ; --                   ; --         ;
; MAX_CORE_JUNCTION_TEMP              ; 85                                                     ; --            ; --                   ; --         ;
; MESSAGE_DISABLE                     ; 332060                                                 ; --            ; altera_onchip_flash  ; --         ;
; MIN_CORE_JUNCTION_TEMP              ; 0                                                      ; --            ; --                   ; --         ;
; MISC_FILE                           ; core/synthesis/../core.cmp                             ; --            ; --                   ; --         ;
; MISC_FILE                           ; core/synthesis/../../core.qsys                         ; --            ; --                   ; --         ;
; PARTITION_COLOR                     ; -- (Not supported for targeted family)                 ; --            ; DE10_LITE_Golden_Top ; Top        ;
; PARTITION_FITTER_PRESERVATION_LEVEL ; -- (Not supported for targeted family)                 ; --            ; DE10_LITE_Golden_Top ; Top        ;
; PARTITION_NETLIST_TYPE              ; -- (Not supported for targeted family)                 ; --            ; DE10_LITE_Golden_Top ; Top        ;
; POWER_BOARD_THERMAL_MODEL           ; None (CONSERVATIVE)                                    ; --            ; --                   ; --         ;
; POWER_PRESET_COOLING_SOLUTION       ; 23 MM HEAT SINK WITH 200 LFPM AIRFLOW                  ; --            ; --                   ; --         ;
; PROJECT_OUTPUT_DIRECTORY            ; output_files                                           ; --            ; --                   ; --         ;
; SLD_FILE                            ; core/synthesis/core.regmap                             ; --            ; --                   ; --         ;
; SLD_FILE                            ; core/synthesis/core.debuginfo                          ; --            ; --                   ; --         ;
; SLD_INFO                            ; QSYS_NAME core HAS_SOPCINFO 1 GENERATION_ID 1673346947 ; --            ; core                 ; --         ;
; SOPCINFO_FILE                       ; core/synthesis/../../core.sopcinfo                     ; --            ; --                   ; --         ;
; SYNTHESIS_ONLY_QIP                  ; On                                                     ; --            ; --                   ; --         ;
; TOP_LEVEL_ENTITY                    ; DE10_LITE_Golden_Top                                   ; NIOS_5        ; --                   ; --         ;
+-------------------------------------+--------------------------------------------------------+---------------+----------------------+------------+


+--------------------------------------------------------------------------------------------------------------------------+
; Flow Elapsed Time                                                                                                        ;
+----------------------+--------------+-------------------------+---------------------+------------------------------------+
; Module Name          ; Elapsed Time ; Average Processors Used ; Peak Virtual Memory ; Total CPU Time (on all processors) ;
+----------------------+--------------+-------------------------+---------------------+------------------------------------+
; Analysis & Synthesis ; 00:01:47     ; 1.0                     ; 5093 MB             ; 00:02:36                           ;
; Total                ; 00:01:47     ; --                      ; --                  ; 00:02:36                           ;
+----------------------+--------------+-------------------------+---------------------+------------------------------------+


+------------------------------------------------------------------------------------+
; Flow OS Summary                                                                    ;
+----------------------+------------------+------------+------------+----------------+
; Module Name          ; Machine Hostname ; OS Name    ; OS Version ; Processor type ;
+----------------------+------------------+------------+------------+----------------+
; Analysis & Synthesis ; DESKTOP-8JLH25J  ; Windows 10 ; 10.0       ; x86_64         ;
+----------------------+------------------+------------+------------+----------------+


------------
; Flow Log ;
------------
quartus_map --read_settings_files=on --write_settings_files=off NIOS_5 -c NIOS_5



